Starting Nmap 7.95 ( https://nmap.org ) at 2024-06-11 11:01 UTC
Nmap scan report for localhost (127.0.0.1)
Host is up (0.0000080s latency).
Other addresses for localhost (not scanned): ::1
Not shown: 997 closed tcp ports (reset)
PORT     STATE SERVICE VERSION
22/tcp   open  ssh     OpenSSH 8.9p1 Ubuntu 3ubuntu0.7 (Ubuntu Linux; protocol 2.0)
| vulners: 
|   OpenSSH 8.9p1 Ubuntu 3ubuntu0.7: 
|     	B8190CDB-3EB9-5631-9828-8064A1575B23	9.8	https://vulners.com/githubexploit/B8190CDB-3EB9-5631-9828-8064A1575B23	*EXPLOIT*
|     	8FC9C5AB-3968-5F3C-825E-E8DB5379A623	9.8	https://vulners.com/githubexploit/8FC9C5AB-3968-5F3C-825E-E8DB5379A623	*EXPLOIT*
|     	F0979183-AE88-53B4-86CF-3AF0523F3807	7.5	https://vulners.com/githubexploit/F0979183-AE88-53B4-86CF-3AF0523F3807	*EXPLOIT*
|     	CHAINGUARD:CVE-2023-38408	7.5	https://vulners.com/cgr/CHAINGUARD:CVE-2023-38408
|     	F3296B94-4C7D-509D-8AFE-7407270E5508	6.5	https://vulners.com/githubexploit/F3296B94-4C7D-509D-8AFE-7407270E5508	*EXPLOIT*
|     	9EF4F8E5-EB9B-5BF5-9772-BD75D0FA7DB0	6.5	https://vulners.com/githubexploit/9EF4F8E5-EB9B-5BF5-9772-BD75D0FA7DB0	*EXPLOIT*
|     	9C4B9838-9B34-5ECF-88C6-1F085707B73E	6.5	https://vulners.com/githubexploit/9C4B9838-9B34-5ECF-88C6-1F085707B73E	*EXPLOIT*
|     	6E50384B-3A02-57D0-8CF7-C44201EC790F	6.5	https://vulners.com/githubexploit/6E50384B-3A02-57D0-8CF7-C44201EC790F	*EXPLOIT*
|     	66723D3A-8399-57A7-B399-59101D2E2B00	6.5	https://vulners.com/githubexploit/66723D3A-8399-57A7-B399-59101D2E2B00	*EXPLOIT*
|     	64CC39E9-21E0-57CB-B1DC-F9242D095352	6.5	https://vulners.com/githubexploit/64CC39E9-21E0-57CB-B1DC-F9242D095352	*EXPLOIT*
|     	09DAE153-1015-5324-B27A-FE80D50E2F75	6.5	https://vulners.com/githubexploit/09DAE153-1015-5324-B27A-FE80D50E2F75	*EXPLOIT*
|     	CHAINGUARD:CVE-2023-25136	4.0	https://vulners.com/cgr/CHAINGUARD:CVE-2023-25136
|     	CHAINGUARD:CVE-2023-51767	3.5	https://vulners.com/cgr/CHAINGUARD:CVE-2023-51767
|     	CHAINGUARD:GHSA-W62J-G234-3F6F	0.0	https://vulners.com/cgr/CHAINGUARD:GHSA-W62J-G234-3F6F
|     	CHAINGUARD:GHSA-PX36-P9HV-7H2V	0.0	https://vulners.com/cgr/CHAINGUARD:GHSA-PX36-P9HV-7H2V
|_    	CHAINGUARD:GHSA-27Q9-H529-Q4G3	0.0	https://vulners.com/cgr/CHAINGUARD:GHSA-27Q9-H529-Q4G3
8080/tcp open  http    Apache Tomcat (language: en)
8084/tcp open  rtsp
| fingerprint-strings: 
|   FourOhFourRequest: 
|     HTTP/1.0 500 Internal Server Error
|     Date: Tue, 11 Jun 2024 11:01:42 GMT
|     Server: Mono.WebServer.XSP/4.7.1.0 Linux
|     Connection: close
|     Connection: close
|     Content-Type: text/html; charset=us-ascii
|     Content-Length: 9169
|     <?xml version="1.0" encoding="utf-8"?>
|     <!DOCTYPE html PUBLIC "-//W3C//DTD XHTML 1.0 Transitional//EN" "http://www.w3.org/TR/xhtml1/DTD/xhtml1-transitional.dtd">
|     <html xmlns="http://www.w3.org/1999/xhtml">
|     <head>
|     <style type="text/css">
|     body { background-color: #FFFFFF; font-size: .75em; font-family: Verdana, Helvetica, Sans-Serif; margin: 0; padding: 0; color: #696969; }
|     a:link { color: #000000; text-decoration: underline; }
|     a:visited { color: #000000; }
|     a:hover { color: #000000; text-decoration: none; }
|     a:active { color: #12eb87; }
|     margin-bottom: 20px; line-height: 1.6em; }
|     font-size: 1.2em; margin-left: 20px; margin-top: 0px; }
|   GetRequest: 
|     HTTP/1.0 400 Bad request
|     Date: Tue, 11 Jun 2024 11:01:40 GMT
|     Server: Mono.WebServer.XSP/4.7.1.0 Linux
|     Connection: close
|     Connection: close
|     Date: Tue, 11 Jun 2024 11:01:40 GMT
|     Content-Type: text/html; charset=utf-8
|     Content-Length: 4890
|     <?xml version="1.0" encoding="utf-8"?>
|     <!DOCTYPE html PUBLIC "-//W3C//DTD XHTML 1.0 Transitional//EN" "http://www.w3.org/TR/xhtml1/DTD/xhtml1-transitional.dtd">
|     <html xmlns="http://www.w3.org/1999/xhtml">
|     <head>
|     <style type="text/css">
|     body { background-color: #FFFFFF; font-size: .75em; font-family: Verdana, Helvetica, Sans-Serif; margin: 0; padding: 0; color: #696969; }
|     a:link { color: #000000; text-decoration: underline; }
|     a:visited { color: #000000; }
|     a:hover { color: #000000; text-decoration: none; }
|     a:active { color: #12eb87; }
|     margin-bottom: 20px; line-height: 1.6em; }
|_    font-size: 1.2em; margin-left: 20px; margin-top: 0px; }
1 service unrecognized despite returning data. If you know the service/version, please submit the following fingerprint at https://nmap.org/cgi-bin/submit.cgi?new-service :
SF-Port8084-TCP:V=7.95%I=7%D=6/11%Time=66682E94%P=x86_64-alpine-linux-musl
SF:%r(GetRequest,140E,"HTTP/1\.0\x20400\x20Bad\x20request\r\nDate:\x20Tue,
SF:\x2011\x20Jun\x202024\x2011:01:40\x20GMT\r\nServer:\x20Mono\.WebServer\
SF:.XSP/4\.7\.1\.0\x20Linux\r\nConnection:\x20close\r\nConnection:\x20clos
SF:e\r\nDate:\x20Tue,\x2011\x20Jun\x202024\x2011:01:40\x20GMT\r\nContent-T
SF:ype:\x20text/html;\x20charset=utf-8\r\nContent-Length:\x204890\r\n\r\n<
SF:\?xml\x20version=\"1\.0\"\x20encoding=\"utf-8\"\?>\n<!DOCTYPE\x20html\x
SF:20PUBLIC\x20\"-//W3C//DTD\x20XHTML\x201\.0\x20Transitional//EN\"\x20\"h
SF:ttp://www\.w3\.org/TR/xhtml1/DTD/xhtml1-transitional\.dtd\">\n<html\x20
SF:xmlns=\"http://www\.w3\.org/1999/xhtml\">\n<head>\n<style\x20type=\"tex
SF:t/css\">\nbody\x20{\x20background-color:\x20#FFFFFF;\x20font-size:\x20\
SF:.75em;\x20font-family:\x20Verdana,\x20Helvetica,\x20Sans-Serif;\x20marg
SF:in:\x200;\x20padding:\x200;\tcolor:\x20#696969;\x20}\na:link\x20{\x20co
SF:lor:\x20#000000;\x20text-decoration:\x20underline;\x20}\na:visited\x20{
SF:\x20color:\x20#000000;\x20}\na:hover\x20{\x20color:\x20#000000;\x20text
SF:-decoration:\x20none;\x20}\na:active\x20{\x20color:\x20#12eb87;\x20}\np
SF:,\x20ul\x20{\tmargin-bottom:\x2020px;\x20line-height:\x201\.6em;\x20}\n
SF:pre\x20{\x20font-size:\x201\.2em;\tmargin-left:\x2020px;\x20margin-top:
SF:\x200px;\x20}\nh1,\x20")%r(FourOhFourRequest,24AD,"HTTP/1\.0\x20500\x20
SF:Internal\x20Server\x20Error\r\nDate:\x20Tue,\x2011\x20Jun\x202024\x2011
SF::01:42\x20GMT\r\nServer:\x20Mono\.WebServer\.XSP/4\.7\.1\.0\x20Linux\r\
SF:nConnection:\x20close\r\nConnection:\x20close\r\nContent-Type:\x20text/
SF:html;\x20charset=us-ascii\r\nContent-Length:\x209169\r\n\r\n<\?xml\x20v
SF:ersion=\"1\.0\"\x20encoding=\"utf-8\"\?>\n<!DOCTYPE\x20html\x20PUBLIC\x
SF:20\"-//W3C//DTD\x20XHTML\x201\.0\x20Transitional//EN\"\x20\"http://www\
SF:.w3\.org/TR/xhtml1/DTD/xhtml1-transitional\.dtd\">\n<html\x20xmlns=\"ht
SF:tp://www\.w3\.org/1999/xhtml\">\n<head>\n<style\x20type=\"text/css\">\n
SF:body\x20{\x20background-color:\x20#FFFFFF;\x20font-size:\x20\.75em;\x20
SF:font-family:\x20Verdana,\x20Helvetica,\x20Sans-Serif;\x20margin:\x200;\
SF:x20padding:\x200;\tcolor:\x20#696969;\x20}\na:link\x20{\x20color:\x20#0
SF:00000;\x20text-decoration:\x20underline;\x20}\na:visited\x20{\x20color:
SF:\x20#000000;\x20}\na:hover\x20{\x20color:\x20#000000;\x20text-decoratio
SF:n:\x20none;\x20}\na:active\x20{\x20color:\x20#12eb87;\x20}\np,\x20ul\x2
SF:0{\tmargin-bottom:\x2020px;\x20line-height:\x201\.6em;\x20}\npre\x20{\x
SF:20font-size:\x201\.2em;\tmargin-left:\x2020px;\x20margin-top:\x200px;\x
SF:20}\nh1,\x20h2,\x20h3,\x20h4,\x20h5,\x20h6\x20{\x20fon");
Service Info: OS: Linux; CPE: cpe:/o:linux:linux_kernel

Service detection performed. Please report any incorrect results at https://nmap.org/submit/ .
Nmap done: 1 IP address (1 host up) scanned in 10.95 seconds
